2018-05-23 23:34:11,477 :: INFO :: AUTHENFICATION
2018-05-23 23:34:11,505 :: DEBUG :: Starting new HTTPS connection (1): demo-api.ig.com
2018-05-23 23:34:11,861 :: DEBUG :: https://demo-api.ig.com:443 "POST /gateway/deal/session HTTP/1.1" 200 250
2018-05-23 23:34:11,866 :: DEBUG :: Headers: {'IG-ACCOUNT-ID': 'XBU0Q', 'Authorization': 'Bearer a8241e27-9aeb-4dce-8bda-0532ef9f266b', 'Version': '3', 'X-IG-API-KEY': 'cbcf3ac23f07eef2ba494576a6fb38dde0a7ebd2'} 
2018-05-23 23:34:11,869 :: DEBUG :: Starting new HTTPS connection (1): demo-api.ig.com
2018-05-23 23:34:12,120 :: DEBUG :: https://demo-api.ig.com:443 "GET /gateway/deal/prices/CS.D.AUDJPY.MINI.IP?resolution=MINUTE&from=2017-12-31T21%3A02%3A00&to=2018-01-01T19%3A02%3A00&pageSize=100&pageNumber=1 HTTP/1.1" 200 166
2018-05-23 23:34:12,125 :: DEBUG :: ----METADATA----
2018-05-23 23:34:12,125 :: DEBUG :: {'allowance': {'allowanceExpiry': 604799,
               'remainingAllowance': 10000,
               'totalAllowance': 10000},
 'pageData': {'pageNumber': 1, 'pageSize': 0, 'totalPages': 0},
 'size': 0}
2018-05-23 23:34:12,126 :: DEBUG :: ----METADATA----
2018-05-23 23:34:12,128 :: DEBUG :: Starting new HTTPS connection (1): demo-api.ig.com
2018-05-23 23:34:12,337 :: DEBUG :: https://demo-api.ig.com:443 "GET /gateway/deal/markets/CS.D.AUDJPY.MINI.IP HTTP/1.1" 200 745
2018-05-23 23:34:12,362 :: ERROR :: erreur pas de preload 'NoneType' object is not subscriptable
2018-05-23 23:34:12,362 :: INFO :: REFRESH
2018-05-23 23:34:12,365 :: DEBUG :: Starting new HTTPS connection (1): demo-api.ig.com
2018-05-23 23:34:12,544 :: DEBUG :: https://demo-api.ig.com:443 "POST /gateway/deal/session/refresh-token HTTP/1.1" 200 148
2018-05-23 23:34:12,551 :: DEBUG :: Headers: {'IG-ACCOUNT-ID': 'XBU0Q', 'Authorization': 'Bearer 844b3610-5a7a-4ed4-a8ec-452736b15f86', 'Version': '3', 'X-IG-API-KEY': 'cbcf3ac23f07eef2ba494576a6fb38dde0a7ebd2'} 
2018-05-23 23:34:12,556 :: DEBUG :: Starting new HTTPS connection (1): demo-api.ig.com
2018-05-23 23:34:12,747 :: DEBUG :: https://demo-api.ig.com:443 "GET /gateway/deal/prices/CS.D.AUDJPY.MINI.IP?resolution=MINUTE&from=2017-12-31T21%3A02%3A00&to=2018-01-01T19%3A02%3A00&pageSize=100&pageNumber=1 HTTP/1.1" 200 166
2018-05-23 23:34:12,751 :: DEBUG :: ----METADATA----
2018-05-23 23:34:12,752 :: DEBUG :: {'allowance': {'allowanceExpiry': 604799,
               'remainingAllowance': 10000,
               'totalAllowance': 10000},
 'pageData': {'pageNumber': 1, 'pageSize': 0, 'totalPages': 0},
 'size': 0}
2018-05-23 23:34:12,752 :: DEBUG :: ----METADATA----
2018-05-23 23:34:12,756 :: DEBUG :: Starting new HTTPS connection (1): demo-api.ig.com
2018-05-23 23:34:12,976 :: DEBUG :: https://demo-api.ig.com:443 "GET /gateway/deal/markets/CS.D.AUDJPY.MINI.IP HTTP/1.1" 200 743
2018-05-23 23:34:13,375 :: DEBUG :: 6178
2018-05-23 23:34:13,386 :: DEBUG :: TradeTotal 43
2018-05-23 23:34:22,783 :: DEBUG :: EMA mal formaté :6177
2018-05-23 23:34:22,784 :: DEBUG :: Time:6178 close,6178 ma:6178 autre: 6178
2018-05-23 23:34:22,784 :: DEBUG :: arrangement 6178
